{"/home/shen_driven/VSCode/private/GaiaSenses/back-end/src/database.ts": {"path":"/home/shen_driven/VSCode/private/GaiaSenses/back-end/src/database.ts","statementMap":{"0":{"start":{"line":3,"column":25},"end":{"line":3,"column":28}},"1":{"start":{"line":4,"column":22},"end":{"line":4,"column":40}}},"fnMap":{},"branchMap":{},"s":{"0":3,"1":3},"f":{},"b":{}}
,"/home/shen_driven/VSCode/private/GaiaSenses/back-end/src/repositories/likeRepository.ts": {"path":"/home/shen_driven/VSCode/private/GaiaSenses/back-end/src/repositories/likeRepository.ts","statementMap":{"0":{"start":{"line":7,"column":2},"end":{"line":9,"column":5}},"1":{"start":{"line":13,"column":29},"end":{"line":13,"column":37}},"2":{"start":{"line":15,"column":2},"end":{"line":19,"column":5}},"3":{"start":{"line":23,"column":29},"end":{"line":23,"column":37}},"4":{"start":{"line":25,"column":2},"end":{"line":37,"column":5}},"5":{"start":{"line":41,"column":29},"end":{"line":41,"column":37}},"6":{"start":{"line":43,"column":2},"end":{"line":62,"column":5}},"7":{"start":{"line":66,"column":2},"end":{"line":70,"column":5}},"8":{"start":{"line":73,"column":30},"end":{"line":79,"column":2}}},"fnMap":{"0":{"name":"create","decl":{"start":{"line":6,"column":15},"end":{"line":6,"column":21}},"loc":{"start":{"line":6,"column":43},"end":{"line":10,"column":null}}},"1":{"name":"deleteById","decl":{"start":{"line":12,"column":15},"end":{"line":12,"column":25}},"loc":{"start":{"line":12,"column":47},"end":{"line":20,"column":null}}},"2":{"name":"getById","decl":{"start":{"line":22,"column":15},"end":{"line":22,"column":22}},"loc":{"start":{"line":22,"column":44},"end":{"line":38,"column":null}}},"3":{"name":"getByPost","decl":{"start":{"line":40,"column":15},"end":{"line":40,"column":24}},"loc":{"start":{"line":40,"column":46},"end":{"line":63,"column":null}}},"4":{"name":"countByPost","decl":{"start":{"line":65,"column":15},"end":{"line":65,"column":26}},"loc":{"start":{"line":65,"column":41},"end":{"line":71,"column":null}}}},"branchMap":{},"s":{"0":0,"1":0,"2":0,"3":0,"4":0,"5":0,"6":0,"7":0,"8":2},"f":{"0":0,"1":0,"2":0,"3":0,"4":0},"b":{}}
,"/home/shen_driven/VSCode/private/GaiaSenses/back-end/src/repositories/postRepository.ts": {"path":"/home/shen_driven/VSCode/private/GaiaSenses/back-end/src/repositories/postRepository.ts","statementMap":{"0":{"start":{"line":7,"column":2},"end":{"line":9,"column":5}},"1":{"start":{"line":13,"column":2},"end":{"line":16,"column":5}},"2":{"start":{"line":20,"column":2},"end":{"line":22,"column":5}},"3":{"start":{"line":26,"column":2},"end":{"line":40,"column":5}},"4":{"start":{"line":44,"column":2},"end":{"line":63,"column":5}},"5":{"start":{"line":67,"column":2},"end":{"line":79,"column":5}},"6":{"start":{"line":83,"column":2},"end":{"line":99,"column":5}},"7":{"start":{"line":103,"column":2},"end":{"line":107,"column":5}},"8":{"start":{"line":110,"column":30},"end":{"line":119,"column":2}}},"fnMap":{"0":{"name":"create","decl":{"start":{"line":6,"column":15},"end":{"line":6,"column":21}},"loc":{"start":{"line":6,"column":43},"end":{"line":10,"column":null}}},"1":{"name":"publish","decl":{"start":{"line":12,"column":15},"end":{"line":12,"column":22}},"loc":{"start":{"line":12,"column":37},"end":{"line":17,"column":null}}},"2":{"name":"findById","decl":{"start":{"line":19,"column":15},"end":{"line":19,"column":23}},"loc":{"start":{"line":19,"column":34},"end":{"line":23,"column":null}}},"3":{"name":"findAll","decl":{"start":{"line":25,"column":15},"end":{"line":25,"column":22}},"loc":{"start":{"line":25,"column":22},"end":{"line":41,"column":null}}},"4":{"name":"findLastWeek","decl":{"start":{"line":43,"column":15},"end":{"line":43,"column":27}},"loc":{"start":{"line":43,"column":27},"end":{"line":64,"column":null}}},"5":{"name":"findUser","decl":{"start":{"line":66,"column":15},"end":{"line":66,"column":23}},"loc":{"start":{"line":66,"column":38},"end":{"line":80,"column":null}}},"6":{"name":"findLiked","decl":{"start":{"line":82,"column":15},"end":{"line":82,"column":24}},"loc":{"start":{"line":82,"column":39},"end":{"line":100,"column":null}}},"7":{"name":"deleteById","decl":{"start":{"line":102,"column":15},"end":{"line":102,"column":25}},"loc":{"start":{"line":102,"column":36},"end":{"line":108,"column":null}}}},"branchMap":{},"s":{"0":0,"1":0,"2":0,"3":0,"4":0,"5":0,"6":0,"7":0,"8":1},"f":{"0":0,"1":0,"2":0,"3":0,"4":0,"5":0,"6":0,"7":0},"b":{}}
,"/home/shen_driven/VSCode/private/GaiaSenses/back-end/src/repositories/userRepository.ts": {"path":"/home/shen_driven/VSCode/private/GaiaSenses/back-end/src/repositories/userRepository.ts","statementMap":{"0":{"start":{"line":7,"column":2},"end":{"line":11,"column":5}},"1":{"start":{"line":15,"column":2},"end":{"line":19,"column":5}},"2":{"start":{"line":23,"column":2},"end":{"line":25,"column":5}},"3":{"start":{"line":29,"column":2},"end":{"line":36,"column":5}},"4":{"start":{"line":39,"column":30},"end":{"line":44,"column":2}}},"fnMap":{"0":{"name":"findById","decl":{"start":{"line":6,"column":15},"end":{"line":6,"column":23}},"loc":{"start":{"line":6,"column":34},"end":{"line":12,"column":null}}},"1":{"name":"findByEmail","decl":{"start":{"line":14,"column":15},"end":{"line":14,"column":26}},"loc":{"start":{"line":14,"column":40},"end":{"line":20,"column":null}}},"2":{"name":"create","decl":{"start":{"line":22,"column":15},"end":{"line":22,"column":21}},"loc":{"start":{"line":22,"column":44},"end":{"line":26,"column":null}}},"3":{"name":"activate","decl":{"start":{"line":28,"column":15},"end":{"line":28,"column":23}},"loc":{"start":{"line":28,"column":34},"end":{"line":37,"column":null}}}},"branchMap":{},"s":{"0":0,"1":0,"2":0,"3":0,"4":1},"f":{"0":0,"1":0,"2":0,"3":0},"b":{}}
,"/home/shen_driven/VSCode/private/GaiaSenses/back-end/src/services/authService.ts": {"path":"/home/shen_driven/VSCode/private/GaiaSenses/back-end/src/services/authService.ts","statementMap":{"0":{"start":{"line":7,"column":2},"end":{"line":7,"column":63}},"1":{"start":{"line":8,"column":2},"end":{"line":8,"column":47}},"2":{"start":{"line":12,"column":16},"end":{"line":12,"column":60}},"3":{"start":{"line":14,"column":2},"end":{"line":14,"column":15}},"4":{"start":{"line":18,"column":14},"end":{"line":18,"column":57}},"5":{"start":{"line":19,"column":2},"end":{"line":19,"column":48}},"6":{"start":{"line":23,"column":2},"end":{"line":23,"column":47}},"7":{"start":{"line":26,"column":27},"end":{"line":31,"column":2}}},"fnMap":{"0":{"name":"createUser","decl":{"start":{"line":6,"column":15},"end":{"line":6,"column":25}},"loc":{"start":{"line":6,"column":48},"end":{"line":9,"column":null}}},"1":{"name":"createSession","decl":{"start":{"line":11,"column":9},"end":{"line":11,"column":22}},"loc":{"start":{"line":11,"column":37},"end":{"line":15,"column":1}}},"2":{"name":"sendConfirmationEmail","decl":{"start":{"line":17,"column":15},"end":{"line":17,"column":36}},"loc":{"start":{"line":17,"column":50},"end":{"line":20,"column":null}}},"3":{"name":"activateAccount","decl":{"start":{"line":22,"column":15},"end":{"line":22,"column":30}},"loc":{"start":{"line":22,"column":45},"end":{"line":24,"column":null}}}},"branchMap":{},"s":{"0":1,"1":1,"2":2,"3":2,"4":1,"5":1,"6":1,"7":1},"f":{"0":1,"1":2,"2":1,"3":1},"b":{}}
,"/home/shen_driven/VSCode/private/GaiaSenses/back-end/src/services/likeService.ts": {"path":"/home/shen_driven/VSCode/private/GaiaSenses/back-end/src/services/likeService.ts","statementMap":{"0":{"start":{"line":4,"column":2},"end":{"line":4,"column":47}},"1":{"start":{"line":8,"column":2},"end":{"line":8,"column":51}},"2":{"start":{"line":12,"column":16},"end":{"line":12,"column":54}},"3":{"start":{"line":13,"column":20},"end":{"line":13,"column":60}},"4":{"start":{"line":14,"column":16},"end":{"line":14,"column":66}},"5":{"start":{"line":16,"column":2},"end":{"line":18,"column":null}},"6":{"start":{"line":17,"column":4},"end":{"line":17,"column":29}},"7":{"start":{"line":19,"column":16},"end":{"line":21,"column":4}},"8":{"start":{"line":20,"column":4},"end":{"line":20,"column":25}},"9":{"start":{"line":23,"column":2},"end":{"line":23,"column":55}},"10":{"start":{"line":26,"column":27},"end":{"line":30,"column":2}}},"fnMap":{"0":{"name":"likePost","decl":{"start":{"line":3,"column":15},"end":{"line":3,"column":23}},"loc":{"start":{"line":3,"column":45},"end":{"line":5,"column":null}}},"1":{"name":"dislikePost","decl":{"start":{"line":7,"column":15},"end":{"line":7,"column":26}},"loc":{"start":{"line":7,"column":48},"end":{"line":9,"column":null}}},"2":{"name":"getLikes","decl":{"start":{"line":11,"column":15},"end":{"line":11,"column":23}},"loc":{"start":{"line":11,"column":45},"end":{"line":24,"column":null}}},"3":{"name":"(anonymous_13)","decl":{"start":{"line":19,"column":30},"end":{"line":19,"column":31}},"loc":{"start":{"line":19,"column":43},"end":{"line":21,"column":3}}}},"branchMap":{"0":{"loc":{"start":{"line":16,"column":2},"end":{"line":18,"column":null}},"type":"if","locations":[{"start":{"line":16,"column":2},"end":{"line":18,"column":null}}]},"1":{"loc":{"start":{"line":23,"column":18},"end":{"line":23,"column":38}},"type":"cond-expr","locations":[{"start":{"line":23,"column":26},"end":{"line":23,"column":30}},{"start":{"line":23,"column":33},"end":{"line":23,"column":38}}]}},"s":{"0":1,"1":1,"2":2,"3":2,"4":2,"5":2,"6":1,"7":2,"8":1,"9":2,"10":2},"f":{"0":1,"1":1,"2":2,"3":1},"b":{"0":[1],"1":[1,1]}}
,"/home/shen_driven/VSCode/private/GaiaSenses/back-end/src/services/postService.ts": {"path":"/home/shen_driven/VSCode/private/GaiaSenses/back-end/src/services/postService.ts","statementMap":{"0":{"start":{"line":5,"column":2},"end":{"line":5,"column":47}},"1":{"start":{"line":9,"column":21},"end":{"line":9,"column":58}},"2":{"start":{"line":10,"column":2},"end":{"line":12,"column":null}},"3":{"start":{"line":11,"column":4},"end":{"line":11,"column":51}},"4":{"start":{"line":13,"column":2},"end":{"line":13,"column":46}},"5":{"start":{"line":17,"column":16},"end":{"line":17,"column":46}},"6":{"start":{"line":18,"column":2},"end":{"line":24,"column":4}},"7":{"start":{"line":19,"column":29},"end":{"line":23,"column":6}},"8":{"start":{"line":20,"column":29},"end":{"line":20,"column":33}},"9":{"start":{"line":21,"column":20},"end":{"line":21,"column":66}},"10":{"start":{"line":22,"column":6},"end":{"line":22,"column":32}},"11":{"start":{"line":28,"column":16},"end":{"line":28,"column":51}},"12":{"start":{"line":29,"column":2},"end":{"line":29,"column":54}},"13":{"start":{"line":29,"column":23},"end":{"line":29,"column":52}},"14":{"start":{"line":30,"column":2},"end":{"line":37,"column":4}},"15":{"start":{"line":31,"column":42},"end":{"line":36,"column":6}},"16":{"start":{"line":32,"column":29},"end":{"line":32,"column":33}},"17":{"start":{"line":33,"column":20},"end":{"line":33,"column":66}},"18":{"start":{"line":34,"column":6},"end":{"line":34,"column":25}},"19":{"start":{"line":35,"column":6},"end":{"line":35,"column":32}},"20":{"start":{"line":41,"column":16},"end":{"line":41,"column":53}},"21":{"start":{"line":42,"column":2},"end":{"line":48,"column":4}},"22":{"start":{"line":43,"column":29},"end":{"line":47,"column":6}},"23":{"start":{"line":44,"column":29},"end":{"line":44,"column":33}},"24":{"start":{"line":45,"column":20},"end":{"line":45,"column":66}},"25":{"start":{"line":46,"column":6},"end":{"line":46,"column":32}},"26":{"start":{"line":52,"column":16},"end":{"line":52,"column":54}},"27":{"start":{"line":53,"column":2},"end":{"line":59,"column":4}},"28":{"start":{"line":54,"column":29},"end":{"line":58,"column":6}},"29":{"start":{"line":55,"column":29},"end":{"line":55,"column":38}},"30":{"start":{"line":56,"column":20},"end":{"line":56,"column":66}},"31":{"start":{"line":57,"column":6},"end":{"line":57,"column":37}},"32":{"start":{"line":62,"column":27},"end":{"line":69,"column":2}}},"fnMap":{"0":{"name":"createPost","decl":{"start":{"line":4,"column":15},"end":{"line":4,"column":25}},"loc":{"start":{"line":4,"column":47},"end":{"line":6,"column":null}}},"1":{"name":"publishPost","decl":{"start":{"line":8,"column":15},"end":{"line":8,"column":26}},"loc":{"start":{"line":8,"column":57},"end":{"line":14,"column":null}}},"2":{"name":"getNewPosts","decl":{"start":{"line":16,"column":15},"end":{"line":16,"column":26}},"loc":{"start":{"line":16,"column":41},"end":{"line":25,"column":null}}},"3":{"name":"(anonymous_13)","decl":{"start":{"line":19,"column":14},"end":{"line":19,"column":21}},"loc":{"start":{"line":19,"column":29},"end":{"line":23,"column":6}}},"4":{"name":"(anonymous_14)","decl":{"start":{"line":19,"column":29},"end":{"line":19,"column":null}},"loc":{"start":{"line":19,"column":29},"end":{"line":23,"column":5}}},"5":{"name":"getBestPosts","decl":{"start":{"line":27,"column":15},"end":{"line":27,"column":27}},"loc":{"start":{"line":27,"column":42},"end":{"line":38,"column":null}}},"6":{"name":"(anonymous_17)","decl":{"start":{"line":29,"column":13},"end":{"line":29,"column":14}},"loc":{"start":{"line":29,"column":23},"end":{"line":29,"column":52}}},"7":{"name":"(anonymous_18)","decl":{"start":{"line":31,"column":27},"end":{"line":31,"column":34}},"loc":{"start":{"line":31,"column":42},"end":{"line":36,"column":6}}},"8":{"name":"(anonymous_19)","decl":{"start":{"line":31,"column":42},"end":{"line":31,"column":null}},"loc":{"start":{"line":31,"column":42},"end":{"line":36,"column":5}}},"9":{"name":"getUserPosts","decl":{"start":{"line":40,"column":15},"end":{"line":40,"column":27}},"loc":{"start":{"line":40,"column":42},"end":{"line":49,"column":null}}},"10":{"name":"(anonymous_22)","decl":{"start":{"line":43,"column":14},"end":{"line":43,"column":21}},"loc":{"start":{"line":43,"column":29},"end":{"line":47,"column":6}}},"11":{"name":"(anonymous_23)","decl":{"start":{"line":43,"column":29},"end":{"line":43,"column":null}},"loc":{"start":{"line":43,"column":29},"end":{"line":47,"column":5}}},"12":{"name":"getLikedPosts","decl":{"start":{"line":51,"column":15},"end":{"line":51,"column":28}},"loc":{"start":{"line":51,"column":43},"end":{"line":60,"column":null}}},"13":{"name":"(anonymous_26)","decl":{"start":{"line":54,"column":14},"end":{"line":54,"column":21}},"loc":{"start":{"line":54,"column":29},"end":{"line":58,"column":6}}},"14":{"name":"(anonymous_27)","decl":{"start":{"line":54,"column":29},"end":{"line":54,"column":null}},"loc":{"start":{"line":54,"column":29},"end":{"line":58,"column":5}}}},"branchMap":{"0":{"loc":{"start":{"line":10,"column":2},"end":{"line":12,"column":null}},"type":"if","locations":[{"start":{"line":10,"column":2},"end":{"line":12,"column":null}}]}},"s":{"0":1,"1":2,"2":2,"3":1,"4":1,"5":1,"6":1,"7":3,"8":3,"9":3,"10":3,"11":1,"12":1,"13":4,"14":1,"15":5,"16":5,"17":5,"18":5,"19":5,"20":1,"21":1,"22":1,"23":1,"24":1,"25":1,"26":1,"27":1,"28":1,"29":1,"30":1,"31":1,"32":1},"f":{"0":1,"1":2,"2":1,"3":3,"4":3,"5":1,"6":4,"7":5,"8":5,"9":1,"10":1,"11":1,"12":1,"13":1,"14":1},"b":{"0":[1]}}
,"/home/shen_driven/VSCode/private/GaiaSenses/back-end/src/utils/emailUtils.ts": {"path":"/home/shen_driven/VSCode/private/GaiaSenses/back-end/src/utils/emailUtils.ts","statementMap":{"0":{"start":{"line":4,"column":2},"end":{"line":4,"column":49}},"1":{"start":{"line":5,"column":14},"end":{"line":11,"column":4}},"2":{"start":{"line":12,"column":13},"end":{"line":12,"column":18}},"3":{"start":{"line":13,"column":2},"end":{"line":20,"column":7}},"4":{"start":{"line":15,"column":6},"end":{"line":15,"column":32}},"5":{"start":{"line":16,"column":6},"end":{"line":16,"column":18}},"6":{"start":{"line":19,"column":6},"end":{"line":19,"column":39}},"7":{"start":{"line":21,"column":2},"end":{"line":21,"column":14}},"8":{"start":{"line":25,"column":2},"end":{"line":94,"column":8}},"9":{"start":{"line":97,"column":26},"end":{"line":99,"column":null}}},"fnMap":{"0":{"name":"sendEmail","decl":{"start":{"line":3,"column":15},"end":{"line":3,"column":24}},"loc":{"start":{"line":3,"column":51},"end":{"line":22,"column":null}}},"1":{"name":"(anonymous_9)","decl":{"start":{"line":14,"column":10},"end":{"line":14,"column":13}},"loc":{"start":{"line":14,"column":15},"end":{"line":17,"column":5}}},"2":{"name":"(anonymous_10)","decl":{"start":{"line":18,"column":11},"end":{"line":18,"column":12}},"loc":{"start":{"line":18,"column":21},"end":{"line":20,"column":5}}},"3":{"name":"buildEmail","decl":{"start":{"line":24,"column":9},"end":{"line":24,"column":19}},"loc":{"start":{"line":24,"column":31},"end":{"line":95,"column":1}}}},"branchMap":{},"s":{"0":0,"1":0,"2":0,"3":0,"4":0,"5":0,"6":0,"7":0,"8":0,"9":1},"f":{"0":0,"1":0,"2":0,"3":0},"b":{}}
}
