{"/home/shen_driven/VSCode/private/GaiaSenses/back-end/src/app.ts": {"path":"/home/shen_driven/VSCode/private/GaiaSenses/back-end/src/app.ts","statementMap":{"0":{"start":{"line":7,"column":12},"end":{"line":7,"column":21}},"1":{"start":{"line":9,"column":0},"end":{"line":9,"column":16}},"2":{"start":{"line":10,"column":0},"end":{"line":10,"column":24}},"3":{"start":{"line":12,"column":0},"end":{"line":12,"column":16}},"4":{"start":{"line":13,"column":0},"end":{"line":13,"column":32}}},"fnMap":{},"branchMap":{},"s":{"0":3,"1":3,"2":3,"3":3,"4":3},"f":{},"b":{}}
,"/home/shen_driven/VSCode/private/GaiaSenses/back-end/src/database.ts": {"path":"/home/shen_driven/VSCode/private/GaiaSenses/back-end/src/database.ts","statementMap":{"0":{"start":{"line":3,"column":25},"end":{"line":3,"column":28}},"1":{"start":{"line":4,"column":22},"end":{"line":4,"column":40}}},"fnMap":{},"branchMap":{},"s":{"0":6,"1":6},"f":{},"b":{}}
,"/home/shen_driven/VSCode/private/GaiaSenses/back-end/src/controllers/authController.ts": {"path":"/home/shen_driven/VSCode/private/GaiaSenses/back-end/src/controllers/authController.ts","statementMap":{"0":{"start":{"line":5,"column":19},"end":{"line":5,"column":27}},"1":{"start":{"line":7,"column":15},"end":{"line":7,"column":70}},"2":{"start":{"line":8,"column":2},"end":{"line":10,"column":null}},"3":{"start":{"line":9,"column":4},"end":{"line":9,"column":68}},"4":{"start":{"line":11,"column":2},"end":{"line":11,"column":41}},"5":{"start":{"line":13,"column":2},"end":{"line":13,"column":80}},"6":{"start":{"line":17,"column":19},"end":{"line":17,"column":29}},"7":{"start":{"line":19,"column":16},"end":{"line":19,"column":50}},"8":{"start":{"line":20,"column":2},"end":{"line":20,"column":31}},"9":{"start":{"line":24,"column":19},"end":{"line":24,"column":29}},"10":{"start":{"line":26,"column":2},"end":{"line":26,"column":45}},"11":{"start":{"line":27,"column":2},"end":{"line":31,"column":6}},"12":{"start":{"line":34,"column":30},"end":{"line":38,"column":2}}},"fnMap":{"0":{"name":"createUser","decl":{"start":{"line":4,"column":15},"end":{"line":4,"column":25}},"loc":{"start":{"line":4,"column":53},"end":{"line":14,"column":null}}},"1":{"name":"createSession","decl":{"start":{"line":16,"column":9},"end":{"line":16,"column":22}},"loc":{"start":{"line":16,"column":50},"end":{"line":21,"column":1}}},"2":{"name":"activateAccount","decl":{"start":{"line":23,"column":15},"end":{"line":23,"column":30}},"loc":{"start":{"line":23,"column":58},"end":{"line":32,"column":null}}}},"branchMap":{"0":{"loc":{"start":{"line":8,"column":2},"end":{"line":10,"column":null}},"type":"if","locations":[{"start":{"line":8,"column":2},"end":{"line":10,"column":null}}]}},"s":{"0":13,"1":13,"2":13,"3":0,"4":13,"5":13,"6":9,"7":9,"8":9,"9":10,"10":10,"11":10,"12":3},"f":{"0":13,"1":9,"2":10},"b":{"0":[0]}}
,"/home/shen_driven/VSCode/private/GaiaSenses/back-end/src/controllers/likeController.ts": {"path":"/home/shen_driven/VSCode/private/GaiaSenses/back-end/src/controllers/likeController.ts","statementMap":{"0":{"start":{"line":5,"column":17},"end":{"line":5,"column":35}},"1":{"start":{"line":6,"column":17},"end":{"line":6,"column":35}},"2":{"start":{"line":8,"column":2},"end":{"line":8,"column":49}},"3":{"start":{"line":9,"column":2},"end":{"line":9,"column":22}},"4":{"start":{"line":13,"column":17},"end":{"line":13,"column":35}},"5":{"start":{"line":14,"column":17},"end":{"line":14,"column":35}},"6":{"start":{"line":16,"column":2},"end":{"line":16,"column":52}},"7":{"start":{"line":17,"column":2},"end":{"line":17,"column":22}},"8":{"start":{"line":20,"column":30},"end":{"line":23,"column":2}}},"fnMap":{"0":{"name":"likePost","decl":{"start":{"line":4,"column":15},"end":{"line":4,"column":23}},"loc":{"start":{"line":4,"column":51},"end":{"line":10,"column":null}}},"1":{"name":"dislikePost","decl":{"start":{"line":12,"column":15},"end":{"line":12,"column":26}},"loc":{"start":{"line":12,"column":54},"end":{"line":18,"column":null}}}},"branchMap":{},"s":{"0":1,"1":1,"2":1,"3":1,"4":1,"5":1,"6":1,"7":1,"8":3},"f":{"0":1,"1":1},"b":{}}
,"/home/shen_driven/VSCode/private/GaiaSenses/back-end/src/controllers/postController.ts": {"path":"/home/shen_driven/VSCode/private/GaiaSenses/back-end/src/controllers/postController.ts","statementMap":{"0":{"start":{"line":5,"column":17},"end":{"line":5,"column":35}},"1":{"start":{"line":6,"column":27},"end":{"line":6,"column":35}},"2":{"start":{"line":8,"column":2},"end":{"line":8,"column":57}},"3":{"start":{"line":9,"column":2},"end":{"line":9,"column":22}},"4":{"start":{"line":13,"column":17},"end":{"line":13,"column":35}},"5":{"start":{"line":14,"column":17},"end":{"line":14,"column":35}},"6":{"start":{"line":16,"column":2},"end":{"line":16,"column":48}},"7":{"start":{"line":17,"column":2},"end":{"line":17,"column":22}},"8":{"start":{"line":21,"column":17},"end":{"line":21,"column":35}},"9":{"start":{"line":22,"column":16},"end":{"line":22,"column":54}},"10":{"start":{"line":23,"column":2},"end":{"line":23,"column":18}},"11":{"start":{"line":27,"column":17},"end":{"line":27,"column":35}},"12":{"start":{"line":28,"column":16},"end":{"line":28,"column":53}},"13":{"start":{"line":29,"column":2},"end":{"line":29,"column":18}},"14":{"start":{"line":33,"column":17},"end":{"line":33,"column":35}},"15":{"start":{"line":35,"column":16},"end":{"line":35,"column":54}},"16":{"start":{"line":36,"column":2},"end":{"line":36,"column":18}},"17":{"start":{"line":40,"column":17},"end":{"line":40,"column":35}},"18":{"start":{"line":42,"column":16},"end":{"line":42,"column":55}},"19":{"start":{"line":43,"column":2},"end":{"line":43,"column":18}},"20":{"start":{"line":46,"column":30},"end":{"line":53,"column":2}}},"fnMap":{"0":{"name":"createPost","decl":{"start":{"line":4,"column":15},"end":{"line":4,"column":25}},"loc":{"start":{"line":4,"column":53},"end":{"line":10,"column":null}}},"1":{"name":"publishPost","decl":{"start":{"line":12,"column":15},"end":{"line":12,"column":26}},"loc":{"start":{"line":12,"column":54},"end":{"line":18,"column":null}}},"2":{"name":"getPosts","decl":{"start":{"line":20,"column":15},"end":{"line":20,"column":23}},"loc":{"start":{"line":20,"column":51},"end":{"line":24,"column":null}}},"3":{"name":"getNewPosts","decl":{"start":{"line":26,"column":15},"end":{"line":26,"column":26}},"loc":{"start":{"line":26,"column":54},"end":{"line":30,"column":null}}},"4":{"name":"getUserPosts","decl":{"start":{"line":32,"column":15},"end":{"line":32,"column":27}},"loc":{"start":{"line":32,"column":55},"end":{"line":37,"column":null}}},"5":{"name":"getLikedPosts","decl":{"start":{"line":39,"column":15},"end":{"line":39,"column":28}},"loc":{"start":{"line":39,"column":56},"end":{"line":44,"column":null}}}},"branchMap":{},"s":{"0":8,"1":8,"2":8,"3":8,"4":1,"5":1,"6":1,"7":1,"8":1,"9":1,"10":1,"11":1,"12":1,"13":1,"14":1,"15":1,"16":1,"17":1,"18":1,"19":1,"20":3},"f":{"0":8,"1":1,"2":1,"3":1,"4":1,"5":1},"b":{}}
,"/home/shen_driven/VSCode/private/GaiaSenses/back-end/src/middlewares/authMiddleware.ts": {"path":"/home/shen_driven/VSCode/private/GaiaSenses/back-end/src/middlewares/authMiddleware.ts","statementMap":{"0":{"start":{"line":11,"column":20},"end":{"line":11,"column":28}},"1":{"start":{"line":13,"column":15},"end":{"line":13,"column":54}},"2":{"start":{"line":14,"column":2},"end":{"line":16,"column":null}},"3":{"start":{"line":15,"column":4},"end":{"line":15,"column":56}},"4":{"start":{"line":17,"column":2},"end":{"line":17,"column":25}},"5":{"start":{"line":18,"column":2},"end":{"line":18,"column":9}},"6":{"start":{"line":26,"column":30},"end":{"line":26,"column":38}},"7":{"start":{"line":28,"column":15},"end":{"line":28,"column":54}},"8":{"start":{"line":29,"column":2},"end":{"line":31,"column":null}},"9":{"start":{"line":30,"column":4},"end":{"line":30,"column":50}},"10":{"start":{"line":32,"column":2},"end":{"line":36,"column":null}},"11":{"start":{"line":33,"column":4},"end":{"line":35,"column":62}},"12":{"start":{"line":37,"column":18},"end":{"line":37,"column":63}},"13":{"start":{"line":38,"column":2},"end":{"line":40,"column":null}},"14":{"start":{"line":39,"column":4},"end":{"line":39,"column":52}},"15":{"start":{"line":41,"column":2},"end":{"line":41,"column":25}},"16":{"start":{"line":42,"column":2},"end":{"line":42,"column":9}},"17":{"start":{"line":50,"column":14},"end":{"line":50,"column":38}},"18":{"start":{"line":52,"column":25},"end":{"line":52,"column":64}},"19":{"start":{"line":53,"column":15},"end":{"line":53,"column":54}},"20":{"start":{"line":54,"column":2},"end":{"line":56,"column":null}},"21":{"start":{"line":55,"column":4},"end":{"line":55,"column":50}},"22":{"start":{"line":57,"column":2},"end":{"line":63,"column":null}},"23":{"start":{"line":58,"column":4},"end":{"line":62,"column":8}},"24":{"start":{"line":64,"column":2},"end":{"line":64,"column":25}},"25":{"start":{"line":65,"column":2},"end":{"line":65,"column":9}}},"fnMap":{"0":{"name":"validateEmail","decl":{"start":{"line":6,"column":22},"end":{"line":6,"column":35}},"loc":{"start":{"line":9,"column":20},"end":{"line":19,"column":null}}},"1":{"name":"validatePassword","decl":{"start":{"line":21,"column":22},"end":{"line":21,"column":38}},"loc":{"start":{"line":24,"column":20},"end":{"line":43,"column":null}}},"2":{"name":"validateKey","decl":{"start":{"line":45,"column":22},"end":{"line":45,"column":33}},"loc":{"start":{"line":48,"column":20},"end":{"line":66,"column":null}}}},"branchMap":{"0":{"loc":{"start":{"line":14,"column":2},"end":{"line":16,"column":null}},"type":"if","locations":[{"start":{"line":14,"column":2},"end":{"line":16,"column":null}}]},"1":{"loc":{"start":{"line":29,"column":2},"end":{"line":31,"column":null}},"type":"if","locations":[{"start":{"line":29,"column":2},"end":{"line":31,"column":null}}]},"2":{"loc":{"start":{"line":32,"column":2},"end":{"line":36,"column":null}},"type":"if","locations":[{"start":{"line":32,"column":2},"end":{"line":36,"column":null}}]},"3":{"loc":{"start":{"line":38,"column":2},"end":{"line":40,"column":null}},"type":"if","locations":[{"start":{"line":38,"column":2},"end":{"line":40,"column":null}}]},"4":{"loc":{"start":{"line":54,"column":2},"end":{"line":56,"column":null}},"type":"if","locations":[{"start":{"line":54,"column":2},"end":{"line":56,"column":null}}]},"5":{"loc":{"start":{"line":57,"column":2},"end":{"line":63,"column":null}},"type":"if","locations":[{"start":{"line":57,"column":2},"end":{"line":63,"column":null}}]}},"s":{"0":14,"1":14,"2":14,"3":1,"4":13,"5":13,"6":12,"7":12,"8":12,"9":1,"10":11,"11":1,"12":10,"13":10,"14":1,"15":9,"16":9,"17":12,"18":12,"19":12,"20":12,"21":1,"22":11,"23":1,"24":10,"25":10},"f":{"0":14,"1":12,"2":12},"b":{"0":[1],"1":[1],"2":[1],"3":[1],"4":[1],"5":[1]}}
,"/home/shen_driven/VSCode/private/GaiaSenses/back-end/src/middlewares/errorHandlerMiddleware.ts": {"path":"/home/shen_driven/VSCode/private/GaiaSenses/back-end/src/middlewares/errorHandlerMiddleware.ts","statementMap":{"0":{"start":{"line":14,"column":2},"end":{"line":14,"column":19}},"1":{"start":{"line":16,"column":2},"end":{"line":18,"column":null}},"2":{"start":{"line":17,"column":4},"end":{"line":17,"column":73}},"3":{"start":{"line":20,"column":2},"end":{"line":20,"column":29}}},"fnMap":{"0":{"name":"errorHandlerMiddleware","decl":{"start":{"line":8,"column":16},"end":{"line":8,"column":38}},"loc":{"start":{"line":12,"column":20},"end":{"line":21,"column":1}}}},"branchMap":{"0":{"loc":{"start":{"line":16,"column":2},"end":{"line":18,"column":null}},"type":"if","locations":[{"start":{"line":16,"column":2},"end":{"line":18,"column":null}}]}},"s":{"0":1,"1":1,"2":0,"3":1},"f":{"0":1},"b":{"0":[0]}}
,"/home/shen_driven/VSCode/private/GaiaSenses/back-end/src/middlewares/validationMiddleware.ts": {"path":"/home/shen_driven/VSCode/private/GaiaSenses/back-end/src/middlewares/validationMiddleware.ts","statementMap":{"0":{"start":{"line":6,"column":2},"end":{"line":16,"column":4}},"1":{"start":{"line":6,"column":67},"end":{"line":16,"column":4}},"2":{"start":{"line":7,"column":4},"end":{"line":15,"column":null}},"3":{"start":{"line":8,"column":6},"end":{"line":8,"column":66}},"4":{"start":{"line":9,"column":6},"end":{"line":9,"column":13}},"5":{"start":{"line":11,"column":6},"end":{"line":11,"column":25}},"6":{"start":{"line":12,"column":6},"end":{"line":14,"column":72}},"7":{"start":{"line":14,"column":60},"end":{"line":14,"column":69}},"8":{"start":{"line":24,"column":16},"end":{"line":24,"column":65}},"9":{"start":{"line":25,"column":2},"end":{"line":27,"column":null}},"10":{"start":{"line":26,"column":4},"end":{"line":26,"column":31}},"11":{"start":{"line":28,"column":26},"end":{"line":28,"column":67}},"12":{"start":{"line":30,"column":15},"end":{"line":30,"column":53}},"13":{"start":{"line":31,"column":2},"end":{"line":33,"column":null}},"14":{"start":{"line":32,"column":4},"end":{"line":32,"column":31}},"15":{"start":{"line":34,"column":2},"end":{"line":34,"column":25}},"16":{"start":{"line":35,"column":2},"end":{"line":35,"column":9}}},"fnMap":{"0":{"name":"validateSchema","decl":{"start":{"line":5,"column":16},"end":{"line":5,"column":30}},"loc":{"start":{"line":5,"column":42},"end":{"line":17,"column":1}}},"1":{"name":"(anonymous_8)","decl":{"start":{"line":6,"column":9},"end":{"line":6,"column":16}},"loc":{"start":{"line":6,"column":67},"end":{"line":16,"column":4}}},"2":{"name":"(anonymous_9)","decl":{"start":{"line":6,"column":67},"end":{"line":6,"column":null}},"loc":{"start":{"line":6,"column":67},"end":{"line":16,"column":3}}},"3":{"name":"(anonymous_10)","decl":{"start":{"line":14,"column":32},"end":{"line":14,"column":33}},"loc":{"start":{"line":14,"column":60},"end":{"line":14,"column":69}}},"4":{"name":"validateToken","decl":{"start":{"line":19,"column":22},"end":{"line":19,"column":35}},"loc":{"start":{"line":22,"column":20},"end":{"line":36,"column":null}}}},"branchMap":{"0":{"loc":{"start":{"line":24,"column":16},"end":{"line":24,"column":65}},"type":"cond-expr","locations":[{"start":{"line":24,"column":41},"end":{"line":24,"column":43}},{"start":{"line":24,"column":41},"end":{"line":24,"column":65}}]},"1":{"loc":{"start":{"line":24,"column":16},"end":{"line":24,"column":43}},"type":"binary-expr","locations":[{"start":{"line":24,"column":16},"end":{"line":24,"column":43}},{"start":{"line":24,"column":41},"end":{"line":24,"column":43}}]},"2":{"loc":{"start":{"line":25,"column":2},"end":{"line":27,"column":null}},"type":"if","locations":[{"start":{"line":25,"column":2},"end":{"line":27,"column":null}}]},"3":{"loc":{"start":{"line":31,"column":2},"end":{"line":33,"column":null}},"type":"if","locations":[{"start":{"line":31,"column":2},"end":{"line":33,"column":null}}]}},"s":{"0":9,"1":35,"2":35,"3":35,"4":34,"5":1,"6":1,"7":1,"8":18,"9":18,"10":1,"11":17,"12":16,"13":16,"14":1,"15":15,"16":15},"f":{"0":9,"1":35,"2":35,"3":1,"4":18},"b":{"0":[1,17],"1":[18,18],"2":[1],"3":[1]}}
,"/home/shen_driven/VSCode/private/GaiaSenses/back-end/src/repositories/likeRepository.ts": {"path":"/home/shen_driven/VSCode/private/GaiaSenses/back-end/src/repositories/likeRepository.ts","statementMap":{"0":{"start":{"line":7,"column":2},"end":{"line":9,"column":5}},"1":{"start":{"line":13,"column":29},"end":{"line":13,"column":37}},"2":{"start":{"line":15,"column":2},"end":{"line":19,"column":5}},"3":{"start":{"line":23,"column":29},"end":{"line":23,"column":37}},"4":{"start":{"line":25,"column":2},"end":{"line":37,"column":5}},"5":{"start":{"line":41,"column":29},"end":{"line":41,"column":37}},"6":{"start":{"line":43,"column":2},"end":{"line":62,"column":5}},"7":{"start":{"line":66,"column":2},"end":{"line":70,"column":5}},"8":{"start":{"line":73,"column":30},"end":{"line":79,"column":2}}},"fnMap":{"0":{"name":"create","decl":{"start":{"line":6,"column":15},"end":{"line":6,"column":21}},"loc":{"start":{"line":6,"column":43},"end":{"line":10,"column":null}}},"1":{"name":"deleteById","decl":{"start":{"line":12,"column":15},"end":{"line":12,"column":25}},"loc":{"start":{"line":12,"column":47},"end":{"line":20,"column":null}}},"2":{"name":"getById","decl":{"start":{"line":22,"column":15},"end":{"line":22,"column":22}},"loc":{"start":{"line":22,"column":44},"end":{"line":38,"column":null}}},"3":{"name":"getByPost","decl":{"start":{"line":40,"column":15},"end":{"line":40,"column":24}},"loc":{"start":{"line":40,"column":46},"end":{"line":63,"column":null}}},"4":{"name":"countByPost","decl":{"start":{"line":65,"column":15},"end":{"line":65,"column":26}},"loc":{"start":{"line":65,"column":41},"end":{"line":71,"column":null}}}},"branchMap":{},"s":{"0":1,"1":1,"2":1,"3":1,"4":1,"5":1,"6":1,"7":1,"8":5},"f":{"0":1,"1":1,"2":1,"3":1,"4":1},"b":{}}
,"/home/shen_driven/VSCode/private/GaiaSenses/back-end/src/repositories/postRepository.ts": {"path":"/home/shen_driven/VSCode/private/GaiaSenses/back-end/src/repositories/postRepository.ts","statementMap":{"0":{"start":{"line":7,"column":2},"end":{"line":9,"column":5}},"1":{"start":{"line":13,"column":2},"end":{"line":16,"column":5}},"2":{"start":{"line":20,"column":2},"end":{"line":22,"column":5}},"3":{"start":{"line":26,"column":2},"end":{"line":40,"column":5}},"4":{"start":{"line":44,"column":2},"end":{"line":63,"column":5}},"5":{"start":{"line":67,"column":2},"end":{"line":79,"column":5}},"6":{"start":{"line":83,"column":2},"end":{"line":99,"column":5}},"7":{"start":{"line":102,"column":30},"end":{"line":110,"column":2}}},"fnMap":{"0":{"name":"create","decl":{"start":{"line":6,"column":15},"end":{"line":6,"column":21}},"loc":{"start":{"line":6,"column":43},"end":{"line":10,"column":null}}},"1":{"name":"publish","decl":{"start":{"line":12,"column":15},"end":{"line":12,"column":22}},"loc":{"start":{"line":12,"column":37},"end":{"line":17,"column":null}}},"2":{"name":"findById","decl":{"start":{"line":19,"column":15},"end":{"line":19,"column":23}},"loc":{"start":{"line":19,"column":34},"end":{"line":23,"column":null}}},"3":{"name":"findAll","decl":{"start":{"line":25,"column":15},"end":{"line":25,"column":22}},"loc":{"start":{"line":25,"column":22},"end":{"line":41,"column":null}}},"4":{"name":"findLastWeek","decl":{"start":{"line":43,"column":15},"end":{"line":43,"column":27}},"loc":{"start":{"line":43,"column":27},"end":{"line":64,"column":null}}},"5":{"name":"findUser","decl":{"start":{"line":66,"column":15},"end":{"line":66,"column":23}},"loc":{"start":{"line":66,"column":38},"end":{"line":80,"column":null}}},"6":{"name":"findLiked","decl":{"start":{"line":82,"column":15},"end":{"line":82,"column":24}},"loc":{"start":{"line":82,"column":39},"end":{"line":100,"column":null}}}},"branchMap":{},"s":{"0":8,"1":1,"2":1,"3":1,"4":1,"5":1,"6":1,"7":4},"f":{"0":8,"1":1,"2":1,"3":1,"4":1,"5":1,"6":1},"b":{}}
,"/home/shen_driven/VSCode/private/GaiaSenses/back-end/src/repositories/userRepository.ts": {"path":"/home/shen_driven/VSCode/private/GaiaSenses/back-end/src/repositories/userRepository.ts","statementMap":{"0":{"start":{"line":7,"column":2},"end":{"line":11,"column":5}},"1":{"start":{"line":15,"column":2},"end":{"line":19,"column":5}},"2":{"start":{"line":23,"column":2},"end":{"line":25,"column":5}},"3":{"start":{"line":29,"column":2},"end":{"line":36,"column":5}},"4":{"start":{"line":39,"column":30},"end":{"line":44,"column":2}}},"fnMap":{"0":{"name":"findById","decl":{"start":{"line":6,"column":15},"end":{"line":6,"column":23}},"loc":{"start":{"line":6,"column":34},"end":{"line":12,"column":null}}},"1":{"name":"findByEmail","decl":{"start":{"line":14,"column":15},"end":{"line":14,"column":26}},"loc":{"start":{"line":14,"column":40},"end":{"line":20,"column":null}}},"2":{"name":"create","decl":{"start":{"line":22,"column":15},"end":{"line":22,"column":21}},"loc":{"start":{"line":22,"column":44},"end":{"line":26,"column":null}}},"3":{"name":"activate","decl":{"start":{"line":28,"column":15},"end":{"line":28,"column":23}},"loc":{"start":{"line":28,"column":34},"end":{"line":37,"column":null}}}},"branchMap":{},"s":{"0":16,"1":38,"2":13,"3":10,"4":4},"f":{"0":16,"1":38,"2":13,"3":10},"b":{}}
,"/home/shen_driven/VSCode/private/GaiaSenses/back-end/src/routers/authRouter.ts": {"path":"/home/shen_driven/VSCode/private/GaiaSenses/back-end/src/routers/authRouter.ts","statementMap":{"0":{"start":{"line":7,"column":19},"end":{"line":7,"column":27}},"1":{"start":{"line":8,"column":0},"end":{"line":8,"column":101}},"2":{"start":{"line":9,"column":0},"end":{"line":9,"column":110}},"3":{"start":{"line":10,"column":0},"end":{"line":10,"column":73}}},"fnMap":{},"branchMap":{},"s":{"0":3,"1":3,"2":3,"3":3},"f":{},"b":{}}
,"/home/shen_driven/VSCode/private/GaiaSenses/back-end/src/routers/index.ts": {"path":"/home/shen_driven/VSCode/private/GaiaSenses/back-end/src/routers/index.ts","statementMap":{"0":{"start":{"line":6,"column":15},"end":{"line":6,"column":23}},"1":{"start":{"line":7,"column":0},"end":{"line":7,"column":23}},"2":{"start":{"line":8,"column":0},"end":{"line":8,"column":32}},"3":{"start":{"line":9,"column":0},"end":{"line":9,"column":32}},"4":{"start":{"line":10,"column":0},"end":{"line":10,"column":32}}},"fnMap":{},"branchMap":{},"s":{"0":3,"1":3,"2":3,"3":3,"4":3},"f":{},"b":{}}
,"/home/shen_driven/VSCode/private/GaiaSenses/back-end/src/routers/likeRouter.ts": {"path":"/home/shen_driven/VSCode/private/GaiaSenses/back-end/src/routers/likeRouter.ts","statementMap":{"0":{"start":{"line":5,"column":19},"end":{"line":5,"column":27}},"1":{"start":{"line":7,"column":0},"end":{"line":7,"column":30}},"2":{"start":{"line":9,"column":0},"end":{"line":9,"column":53}},"3":{"start":{"line":10,"column":0},"end":{"line":10,"column":58}}},"fnMap":{},"branchMap":{},"s":{"0":3,"1":3,"2":3,"3":3},"f":{},"b":{}}
,"/home/shen_driven/VSCode/private/GaiaSenses/back-end/src/routers/postRouter.ts": {"path":"/home/shen_driven/VSCode/private/GaiaSenses/back-end/src/routers/postRouter.ts","statementMap":{"0":{"start":{"line":7,"column":15},"end":{"line":7,"column":23}},"1":{"start":{"line":8,"column":19},"end":{"line":8,"column":27}},"2":{"start":{"line":10,"column":0},"end":{"line":10,"column":30}},"3":{"start":{"line":17,"column":0},"end":{"line":17,"column":80}},"4":{"start":{"line":18,"column":0},"end":{"line":18,"column":64}},"5":{"start":{"line":19,"column":0},"end":{"line":19,"column":45}},"6":{"start":{"line":20,"column":0},"end":{"line":20,"column":51}},"7":{"start":{"line":21,"column":0},"end":{"line":21,"column":53}},"8":{"start":{"line":22,"column":0},"end":{"line":22,"column":54}}},"fnMap":{},"branchMap":{},"s":{"0":3,"1":3,"2":3,"3":3,"4":3,"5":3,"6":3,"7":3,"8":3},"f":{},"b":{}}
,"/home/shen_driven/VSCode/private/GaiaSenses/back-end/src/schemas/authSchema.ts": {"path":"/home/shen_driven/VSCode/private/GaiaSenses/back-end/src/schemas/authSchema.ts","statementMap":{"0":{"start":{"line":4,"column":30},"end":{"line":8,"column":2}},"1":{"start":{"line":10,"column":33},"end":{"line":13,"column":2}}},"fnMap":{},"branchMap":{},"s":{"0":3,"1":3},"f":{},"b":{}}
,"/home/shen_driven/VSCode/private/GaiaSenses/back-end/src/schemas/postSchema.ts": {"path":"/home/shen_driven/VSCode/private/GaiaSenses/back-end/src/schemas/postSchema.ts","statementMap":{"0":{"start":{"line":4,"column":30},"end":{"line":7,"column":2}}},"fnMap":{},"branchMap":{},"s":{"0":3},"f":{},"b":{}}
,"/home/shen_driven/VSCode/private/GaiaSenses/back-end/src/services/authService.ts": {"path":"/home/shen_driven/VSCode/private/GaiaSenses/back-end/src/services/authService.ts","statementMap":{"0":{"start":{"line":7,"column":2},"end":{"line":7,"column":63}},"1":{"start":{"line":8,"column":2},"end":{"line":8,"column":47}},"2":{"start":{"line":12,"column":16},"end":{"line":12,"column":60}},"3":{"start":{"line":14,"column":2},"end":{"line":14,"column":15}},"4":{"start":{"line":18,"column":14},"end":{"line":18,"column":57}},"5":{"start":{"line":19,"column":2},"end":{"line":19,"column":48}},"6":{"start":{"line":23,"column":2},"end":{"line":23,"column":47}},"7":{"start":{"line":26,"column":27},"end":{"line":31,"column":2}}},"fnMap":{"0":{"name":"createUser","decl":{"start":{"line":6,"column":15},"end":{"line":6,"column":25}},"loc":{"start":{"line":6,"column":48},"end":{"line":9,"column":null}}},"1":{"name":"createSession","decl":{"start":{"line":11,"column":9},"end":{"line":11,"column":22}},"loc":{"start":{"line":11,"column":37},"end":{"line":15,"column":1}}},"2":{"name":"sendConfirmationEmail","decl":{"start":{"line":17,"column":15},"end":{"line":17,"column":36}},"loc":{"start":{"line":17,"column":50},"end":{"line":20,"column":null}}},"3":{"name":"activateAccount","decl":{"start":{"line":22,"column":15},"end":{"line":22,"column":30}},"loc":{"start":{"line":22,"column":45},"end":{"line":24,"column":null}}}},"branchMap":{},"s":{"0":14,"1":14,"2":11,"3":11,"4":14,"5":14,"6":11,"7":4},"f":{"0":14,"1":11,"2":14,"3":11},"b":{}}
,"/home/shen_driven/VSCode/private/GaiaSenses/back-end/src/services/likeService.ts": {"path":"/home/shen_driven/VSCode/private/GaiaSenses/back-end/src/services/likeService.ts","statementMap":{"0":{"start":{"line":4,"column":2},"end":{"line":4,"column":47}},"1":{"start":{"line":8,"column":2},"end":{"line":8,"column":51}},"2":{"start":{"line":12,"column":16},"end":{"line":12,"column":54}},"3":{"start":{"line":13,"column":20},"end":{"line":13,"column":60}},"4":{"start":{"line":14,"column":16},"end":{"line":14,"column":66}},"5":{"start":{"line":16,"column":2},"end":{"line":18,"column":null}},"6":{"start":{"line":17,"column":4},"end":{"line":17,"column":29}},"7":{"start":{"line":19,"column":16},"end":{"line":21,"column":4}},"8":{"start":{"line":20,"column":4},"end":{"line":20,"column":25}},"9":{"start":{"line":23,"column":2},"end":{"line":23,"column":55}},"10":{"start":{"line":26,"column":27},"end":{"line":30,"column":2}}},"fnMap":{"0":{"name":"likePost","decl":{"start":{"line":3,"column":15},"end":{"line":3,"column":23}},"loc":{"start":{"line":3,"column":45},"end":{"line":5,"column":null}}},"1":{"name":"dislikePost","decl":{"start":{"line":7,"column":15},"end":{"line":7,"column":26}},"loc":{"start":{"line":7,"column":48},"end":{"line":9,"column":null}}},"2":{"name":"getLikes","decl":{"start":{"line":11,"column":15},"end":{"line":11,"column":23}},"loc":{"start":{"line":11,"column":45},"end":{"line":24,"column":null}}},"3":{"name":"(anonymous_13)","decl":{"start":{"line":19,"column":30},"end":{"line":19,"column":31}},"loc":{"start":{"line":19,"column":43},"end":{"line":21,"column":3}}}},"branchMap":{"0":{"loc":{"start":{"line":16,"column":2},"end":{"line":18,"column":null}},"type":"if","locations":[{"start":{"line":16,"column":2},"end":{"line":18,"column":null}}]},"1":{"loc":{"start":{"line":23,"column":18},"end":{"line":23,"column":38}},"type":"cond-expr","locations":[{"start":{"line":23,"column":26},"end":{"line":23,"column":30}},{"start":{"line":23,"column":33},"end":{"line":23,"column":38}}]}},"s":{"0":2,"1":2,"2":3,"3":3,"4":3,"5":3,"6":1,"7":3,"8":1,"9":3,"10":5},"f":{"0":2,"1":2,"2":3,"3":1},"b":{"0":[1],"1":[1,2]}}
,"/home/shen_driven/VSCode/private/GaiaSenses/back-end/src/services/postService.ts": {"path":"/home/shen_driven/VSCode/private/GaiaSenses/back-end/src/services/postService.ts","statementMap":{"0":{"start":{"line":5,"column":2},"end":{"line":5,"column":47}},"1":{"start":{"line":9,"column":21},"end":{"line":9,"column":58}},"2":{"start":{"line":10,"column":2},"end":{"line":12,"column":null}},"3":{"start":{"line":11,"column":4},"end":{"line":11,"column":51}},"4":{"start":{"line":13,"column":2},"end":{"line":13,"column":46}},"5":{"start":{"line":17,"column":16},"end":{"line":17,"column":46}},"6":{"start":{"line":18,"column":2},"end":{"line":24,"column":4}},"7":{"start":{"line":19,"column":29},"end":{"line":23,"column":6}},"8":{"start":{"line":20,"column":29},"end":{"line":20,"column":33}},"9":{"start":{"line":21,"column":20},"end":{"line":21,"column":66}},"10":{"start":{"line":22,"column":6},"end":{"line":22,"column":32}},"11":{"start":{"line":28,"column":16},"end":{"line":28,"column":51}},"12":{"start":{"line":29,"column":2},"end":{"line":29,"column":54}},"13":{"start":{"line":29,"column":23},"end":{"line":29,"column":52}},"14":{"start":{"line":30,"column":2},"end":{"line":37,"column":4}},"15":{"start":{"line":31,"column":42},"end":{"line":36,"column":6}},"16":{"start":{"line":32,"column":29},"end":{"line":32,"column":33}},"17":{"start":{"line":33,"column":20},"end":{"line":33,"column":66}},"18":{"start":{"line":34,"column":6},"end":{"line":34,"column":25}},"19":{"start":{"line":35,"column":6},"end":{"line":35,"column":32}},"20":{"start":{"line":41,"column":16},"end":{"line":41,"column":53}},"21":{"start":{"line":42,"column":2},"end":{"line":48,"column":4}},"22":{"start":{"line":43,"column":29},"end":{"line":47,"column":6}},"23":{"start":{"line":44,"column":29},"end":{"line":44,"column":33}},"24":{"start":{"line":45,"column":20},"end":{"line":45,"column":66}},"25":{"start":{"line":46,"column":6},"end":{"line":46,"column":32}},"26":{"start":{"line":52,"column":16},"end":{"line":52,"column":54}},"27":{"start":{"line":53,"column":2},"end":{"line":59,"column":4}},"28":{"start":{"line":54,"column":29},"end":{"line":58,"column":6}},"29":{"start":{"line":55,"column":29},"end":{"line":55,"column":38}},"30":{"start":{"line":56,"column":20},"end":{"line":56,"column":66}},"31":{"start":{"line":57,"column":6},"end":{"line":57,"column":37}},"32":{"start":{"line":62,"column":27},"end":{"line":69,"column":2}}},"fnMap":{"0":{"name":"createPost","decl":{"start":{"line":4,"column":15},"end":{"line":4,"column":25}},"loc":{"start":{"line":4,"column":47},"end":{"line":6,"column":null}}},"1":{"name":"publishPost","decl":{"start":{"line":8,"column":15},"end":{"line":8,"column":26}},"loc":{"start":{"line":8,"column":57},"end":{"line":14,"column":null}}},"2":{"name":"getNewPosts","decl":{"start":{"line":16,"column":15},"end":{"line":16,"column":26}},"loc":{"start":{"line":16,"column":41},"end":{"line":25,"column":null}}},"3":{"name":"(anonymous_13)","decl":{"start":{"line":19,"column":14},"end":{"line":19,"column":21}},"loc":{"start":{"line":19,"column":29},"end":{"line":23,"column":6}}},"4":{"name":"(anonymous_14)","decl":{"start":{"line":19,"column":29},"end":{"line":19,"column":null}},"loc":{"start":{"line":19,"column":29},"end":{"line":23,"column":5}}},"5":{"name":"getBestPosts","decl":{"start":{"line":27,"column":15},"end":{"line":27,"column":27}},"loc":{"start":{"line":27,"column":42},"end":{"line":38,"column":null}}},"6":{"name":"(anonymous_17)","decl":{"start":{"line":29,"column":13},"end":{"line":29,"column":14}},"loc":{"start":{"line":29,"column":23},"end":{"line":29,"column":52}}},"7":{"name":"(anonymous_18)","decl":{"start":{"line":31,"column":27},"end":{"line":31,"column":34}},"loc":{"start":{"line":31,"column":42},"end":{"line":36,"column":6}}},"8":{"name":"(anonymous_19)","decl":{"start":{"line":31,"column":42},"end":{"line":31,"column":null}},"loc":{"start":{"line":31,"column":42},"end":{"line":36,"column":5}}},"9":{"name":"getUserPosts","decl":{"start":{"line":40,"column":15},"end":{"line":40,"column":27}},"loc":{"start":{"line":40,"column":42},"end":{"line":49,"column":null}}},"10":{"name":"(anonymous_22)","decl":{"start":{"line":43,"column":14},"end":{"line":43,"column":21}},"loc":{"start":{"line":43,"column":29},"end":{"line":47,"column":6}}},"11":{"name":"(anonymous_23)","decl":{"start":{"line":43,"column":29},"end":{"line":43,"column":null}},"loc":{"start":{"line":43,"column":29},"end":{"line":47,"column":5}}},"12":{"name":"getLikedPosts","decl":{"start":{"line":51,"column":15},"end":{"line":51,"column":28}},"loc":{"start":{"line":51,"column":43},"end":{"line":60,"column":null}}},"13":{"name":"(anonymous_26)","decl":{"start":{"line":54,"column":14},"end":{"line":54,"column":21}},"loc":{"start":{"line":54,"column":29},"end":{"line":58,"column":6}}},"14":{"name":"(anonymous_27)","decl":{"start":{"line":54,"column":29},"end":{"line":54,"column":null}},"loc":{"start":{"line":54,"column":29},"end":{"line":58,"column":5}}}},"branchMap":{"0":{"loc":{"start":{"line":10,"column":2},"end":{"line":12,"column":null}},"type":"if","locations":[{"start":{"line":10,"column":2},"end":{"line":12,"column":null}}]}},"s":{"0":9,"1":3,"2":3,"3":1,"4":2,"5":2,"6":2,"7":4,"8":4,"9":4,"10":4,"11":2,"12":2,"13":3,"14":2,"15":4,"16":4,"17":4,"18":4,"19":4,"20":2,"21":2,"22":5,"23":5,"24":5,"25":5,"26":2,"27":2,"28":3,"29":3,"30":3,"31":3,"32":4},"f":{"0":9,"1":3,"2":2,"3":4,"4":4,"5":2,"6":3,"7":4,"8":4,"9":2,"10":5,"11":5,"12":2,"13":3,"14":3},"b":{"0":[1]}}
,"/home/shen_driven/VSCode/private/GaiaSenses/back-end/src/utils/emailUtils.ts": {"path":"/home/shen_driven/VSCode/private/GaiaSenses/back-end/src/utils/emailUtils.ts","statementMap":{"0":{"start":{"line":4,"column":2},"end":{"line":23,"column":null}},"1":{"start":{"line":5,"column":4},"end":{"line":5,"column":51}},"2":{"start":{"line":6,"column":16},"end":{"line":12,"column":6}},"3":{"start":{"line":13,"column":15},"end":{"line":13,"column":20}},"4":{"start":{"line":14,"column":4},"end":{"line":21,"column":9}},"5":{"start":{"line":16,"column":8},"end":{"line":16,"column":34}},"6":{"start":{"line":17,"column":8},"end":{"line":17,"column":20}},"7":{"start":{"line":20,"column":8},"end":{"line":20,"column":41}},"8":{"start":{"line":22,"column":4},"end":{"line":22,"column":16}},"9":{"start":{"line":24,"column":2},"end":{"line":24,"column":14}},"10":{"start":{"line":28,"column":2},"end":{"line":97,"column":8}},"11":{"start":{"line":100,"column":26},"end":{"line":102,"column":2}}},"fnMap":{"0":{"name":"sendEmail","decl":{"start":{"line":3,"column":15},"end":{"line":3,"column":24}},"loc":{"start":{"line":3,"column":51},"end":{"line":25,"column":null}}},"1":{"name":"(anonymous_9)","decl":{"start":{"line":15,"column":12},"end":{"line":15,"column":15}},"loc":{"start":{"line":15,"column":17},"end":{"line":18,"column":7}}},"2":{"name":"(anonymous_10)","decl":{"start":{"line":19,"column":13},"end":{"line":19,"column":14}},"loc":{"start":{"line":19,"column":23},"end":{"line":21,"column":7}}},"3":{"name":"buildEmail","decl":{"start":{"line":27,"column":9},"end":{"line":27,"column":19}},"loc":{"start":{"line":27,"column":31},"end":{"line":98,"column":1}}}},"branchMap":{"0":{"loc":{"start":{"line":4,"column":2},"end":{"line":23,"column":null}},"type":"if","locations":[{"start":{"line":4,"column":2},"end":{"line":23,"column":null}}]}},"s":{"0":13,"1":0,"2":0,"3":0,"4":0,"5":0,"6":0,"7":0,"8":0,"9":13,"10":0,"11":4},"f":{"0":13,"1":0,"2":0,"3":0},"b":{"0":[0]}}
,"/home/shen_driven/VSCode/private/GaiaSenses/back-end/src/utils/errorUtils.ts": {"path":"/home/shen_driven/VSCode/private/GaiaSenses/back-end/src/utils/errorUtils.ts","statementMap":{"0":{"start":{"line":8,"column":2},"end":{"line":8,"column":48}},"1":{"start":{"line":12,"column":2},"end":{"line":12,"column":38}},"2":{"start":{"line":12,"column":27},"end":{"line":12,"column":38}},"3":{"start":{"line":13,"column":2},"end":{"line":13,"column":39}},"4":{"start":{"line":13,"column":28},"end":{"line":13,"column":39}},"5":{"start":{"line":14,"column":2},"end":{"line":14,"column":42}},"6":{"start":{"line":14,"column":31},"end":{"line":14,"column":42}},"7":{"start":{"line":15,"column":2},"end":{"line":15,"column":42}},"8":{"start":{"line":15,"column":31},"end":{"line":15,"column":42}},"9":{"start":{"line":16,"column":2},"end":{"line":16,"column":13}},"10":{"start":{"line":20,"column":2},"end":{"line":20,"column":54}},"11":{"start":{"line":24,"column":2},"end":{"line":24,"column":55}},"12":{"start":{"line":28,"column":2},"end":{"line":28,"column":58}},"13":{"start":{"line":32,"column":2},"end":{"line":32,"column":58}}},"fnMap":{"0":{"name":"isAppError","decl":{"start":{"line":7,"column":16},"end":{"line":7,"column":26}},"loc":{"start":{"line":7,"column":40},"end":{"line":9,"column":1}}},"1":{"name":"errorTypeToStatusCode","decl":{"start":{"line":11,"column":16},"end":{"line":11,"column":37}},"loc":{"start":{"line":11,"column":57},"end":{"line":17,"column":1}}},"2":{"name":"conflictError","decl":{"start":{"line":19,"column":16},"end":{"line":19,"column":29}},"loc":{"start":{"line":19,"column":46},"end":{"line":21,"column":1}}},"3":{"name":"notFoundError","decl":{"start":{"line":23,"column":16},"end":{"line":23,"column":29}},"loc":{"start":{"line":23,"column":46},"end":{"line":25,"column":1}}},"4":{"name":"unauthorizedError","decl":{"start":{"line":27,"column":16},"end":{"line":27,"column":33}},"loc":{"start":{"line":27,"column":50},"end":{"line":29,"column":1}}},"5":{"name":"wrongSchemaError","decl":{"start":{"line":31,"column":16},"end":{"line":31,"column":32}},"loc":{"start":{"line":31,"column":49},"end":{"line":33,"column":1}}}},"branchMap":{"0":{"loc":{"start":{"line":12,"column":2},"end":{"line":12,"column":38}},"type":"if","locations":[{"start":{"line":12,"column":2},"end":{"line":12,"column":38}}]},"1":{"loc":{"start":{"line":13,"column":2},"end":{"line":13,"column":39}},"type":"if","locations":[{"start":{"line":13,"column":2},"end":{"line":13,"column":39}}]},"2":{"loc":{"start":{"line":14,"column":2},"end":{"line":14,"column":42}},"type":"if","locations":[{"start":{"line":14,"column":2},"end":{"line":14,"column":42}}]},"3":{"loc":{"start":{"line":15,"column":2},"end":{"line":15,"column":42}},"type":"if","locations":[{"start":{"line":15,"column":2},"end":{"line":15,"column":42}}]},"4":{"loc":{"start":{"line":20,"column":38},"end":{"line":20,"column":51}},"type":"cond-expr","locations":[{"start":{"line":20,"column":38},"end":{"line":20,"column":45}},{"start":{"line":20,"column":49},"end":{"line":20,"column":51}}]},"5":{"loc":{"start":{"line":20,"column":38},"end":{"line":20,"column":49}},"type":"binary-expr","locations":[{"start":{"line":20,"column":38},"end":{"line":20,"column":49}},{"start":{"line":20,"column":38},"end":{"line":20,"column":49}}]},"6":{"loc":{"start":{"line":24,"column":39},"end":{"line":24,"column":52}},"type":"cond-expr","locations":[{"start":{"line":24,"column":39},"end":{"line":24,"column":46}},{"start":{"line":24,"column":50},"end":{"line":24,"column":52}}]},"7":{"loc":{"start":{"line":24,"column":39},"end":{"line":24,"column":50}},"type":"binary-expr","locations":[{"start":{"line":24,"column":39},"end":{"line":24,"column":50}},{"start":{"line":24,"column":39},"end":{"line":24,"column":50}}]},"8":{"loc":{"start":{"line":28,"column":42},"end":{"line":28,"column":55}},"type":"cond-expr","locations":[{"start":{"line":28,"column":42},"end":{"line":28,"column":49}},{"start":{"line":28,"column":53},"end":{"line":28,"column":55}}]},"9":{"loc":{"start":{"line":28,"column":42},"end":{"line":28,"column":53}},"type":"binary-expr","locations":[{"start":{"line":28,"column":42},"end":{"line":28,"column":53}},{"start":{"line":28,"column":42},"end":{"line":28,"column":53}}]},"10":{"loc":{"start":{"line":32,"column":42},"end":{"line":32,"column":55}},"type":"cond-expr","locations":[{"start":{"line":32,"column":42},"end":{"line":32,"column":49}},{"start":{"line":32,"column":53},"end":{"line":32,"column":55}}]},"11":{"loc":{"start":{"line":32,"column":42},"end":{"line":32,"column":53}},"type":"binary-expr","locations":[{"start":{"line":32,"column":42},"end":{"line":32,"column":53}},{"start":{"line":32,"column":42},"end":{"line":32,"column":53}}]}},"s":{"0":1,"1":0,"2":0,"3":0,"4":0,"5":0,"6":0,"7":0,"8":0,"9":0,"10":0,"11":0,"12":0,"13":0},"f":{"0":1,"1":0,"2":0,"3":0,"4":0,"5":0},"b":{"0":[0],"1":[0],"2":[0],"3":[0],"4":[0,0],"5":[0,0],"6":[0,0],"7":[0,0],"8":[0,0],"9":[0,0],"10":[0,0],"11":[0,0]}}
,"/home/shen_driven/VSCode/private/GaiaSenses/back-end/tests/factories/databaseFactory.ts": {"path":"/home/shen_driven/VSCode/private/GaiaSenses/back-end/tests/factories/databaseFactory.ts","statementMap":{"0":{"start":{"line":4,"column":4},"end":{"line":4,"column":37}},"1":{"start":{"line":5,"column":4},"end":{"line":5,"column":37}},"2":{"start":{"line":6,"column":4},"end":{"line":6,"column":37}}},"fnMap":{"0":{"name":"resetDatabase","decl":{"start":{"line":3,"column":22},"end":{"line":3,"column":35}},"loc":{"start":{"line":3,"column":35},"end":{"line":7,"column":null}}}},"branchMap":{},"s":{"0":17,"1":17,"2":17},"f":{"0":17},"b":{}}
,"/home/shen_driven/VSCode/private/GaiaSenses/back-end/tests/factories/postFactory.ts": {"path":"/home/shen_driven/VSCode/private/GaiaSenses/back-end/tests/factories/postFactory.ts","statementMap":{"0":{"start":{"line":7,"column":15},"end":{"line":10,"column":4}},"1":{"start":{"line":11,"column":2},"end":{"line":14,"column":16}},"2":{"start":{"line":15,"column":21},"end":{"line":19,"column":4}},"3":{"start":{"line":20,"column":2},"end":{"line":20,"column":23}}},"fnMap":{"0":{"name":"createPost","decl":{"start":{"line":6,"column":22},"end":{"line":6,"column":32}},"loc":{"start":{"line":6,"column":46},"end":{"line":21,"column":null}}}},"branchMap":{},"s":{"0":7,"1":7,"2":7,"3":7},"f":{"0":7},"b":{}}
,"/home/shen_driven/VSCode/private/GaiaSenses/back-end/tests/factories/userFactory.ts": {"path":"/home/shen_driven/VSCode/private/GaiaSenses/back-end/tests/factories/userFactory.ts","statementMap":{"0":{"start":{"line":7,"column":15},"end":{"line":11,"column":4}},"1":{"start":{"line":12,"column":2},"end":{"line":12,"column":55}},"2":{"start":{"line":13,"column":14},"end":{"line":13,"column":69}},"3":{"start":{"line":14,"column":2},"end":{"line":14,"column":56}},"4":{"start":{"line":15,"column":19},"end":{"line":17,"column":57}},"5":{"start":{"line":18,"column":2},"end":{"line":18,"column":20}}},"fnMap":{"0":{"name":"createUser","decl":{"start":{"line":6,"column":22},"end":{"line":6,"column":32}},"loc":{"start":{"line":6,"column":32},"end":{"line":19,"column":null}}}},"branchMap":{},"s":{"0":8,"1":8,"2":8,"3":8,"4":8,"5":8},"f":{"0":8},"b":{}}
}
