TN:
SF:src/app.ts
FNF:0
FNH:0
DA:7,3
DA:9,3
DA:10,3
DA:12,3
DA:13,3
LF:5
LH:5
BRF:0
BRH:0
end_of_record
TN:
SF:src/database.ts
FNF:0
FNH:0
DA:3,6
DA:4,6
LF:2
LH:2
BRF:0
BRH:0
end_of_record
TN:
SF:src/controllers/authController.ts
FN:4,createUser
FN:16,createSession
FN:23,activateAccount
FNF:3
FNH:3
FNDA:13,createUser
FNDA:9,createSession
FNDA:10,activateAccount
DA:5,13
DA:7,13
DA:8,13
DA:9,0
DA:11,13
DA:13,13
DA:17,9
DA:19,9
DA:20,9
DA:24,10
DA:26,10
DA:27,10
DA:34,3
LF:13
LH:12
BRDA:8,0,0,0
BRF:1
BRH:0
end_of_record
TN:
SF:src/controllers/likeController.ts
FN:4,likePost
FN:12,dislikePost
FNF:2
FNH:2
FNDA:1,likePost
FNDA:1,dislikePost
DA:5,1
DA:6,1
DA:8,1
DA:9,1
DA:13,1
DA:14,1
DA:16,1
DA:17,1
DA:20,3
LF:9
LH:9
BRF:0
BRH:0
end_of_record
TN:
SF:src/controllers/postController.ts
FN:4,createPost
FN:12,publishPost
FN:20,getPosts
FN:26,getNewPosts
FN:32,getUserPosts
FN:39,getLikedPosts
FNF:6
FNH:6
FNDA:8,createPost
FNDA:1,publishPost
FNDA:1,getPosts
FNDA:1,getNewPosts
FNDA:1,getUserPosts
FNDA:1,getLikedPosts
DA:5,8
DA:6,8
DA:8,8
DA:9,8
DA:13,1
DA:14,1
DA:16,1
DA:17,1
DA:21,1
DA:22,1
DA:23,1
DA:27,1
DA:28,1
DA:29,1
DA:33,1
DA:35,1
DA:36,1
DA:40,1
DA:42,1
DA:43,1
DA:46,3
LF:21
LH:21
BRF:0
BRH:0
end_of_record
TN:
SF:src/middlewares/authMiddleware.ts
FN:6,validateEmail
FN:21,validatePassword
FN:45,validateKey
FNF:3
FNH:3
FNDA:14,validateEmail
FNDA:12,validatePassword
FNDA:12,validateKey
DA:11,14
DA:13,14
DA:14,14
DA:15,1
DA:17,13
DA:18,13
DA:26,12
DA:28,12
DA:29,12
DA:30,1
DA:32,11
DA:33,1
DA:37,10
DA:38,10
DA:39,1
DA:41,9
DA:42,9
DA:50,12
DA:52,12
DA:53,12
DA:54,12
DA:55,1
DA:57,11
DA:58,1
DA:64,10
DA:65,10
LF:26
LH:26
BRDA:14,0,0,1
BRDA:29,1,0,1
BRDA:32,2,0,1
BRDA:38,3,0,1
BRDA:54,4,0,1
BRDA:57,5,0,1
BRF:6
BRH:6
end_of_record
TN:
SF:src/middlewares/errorHandlerMiddleware.ts
FN:8,errorHandlerMiddleware
FNF:1
FNH:1
FNDA:1,errorHandlerMiddleware
DA:14,1
DA:16,1
DA:17,0
DA:20,1
LF:4
LH:3
BRDA:16,0,0,0
BRF:1
BRH:0
end_of_record
TN:
SF:src/middlewares/validationMiddleware.ts
FN:5,validateSchema
FN:6,(anonymous_8)
FN:6,(anonymous_9)
FN:14,(anonymous_10)
FN:19,validateToken
FNF:5
FNH:5
FNDA:9,validateSchema
FNDA:35,(anonymous_8)
FNDA:35,(anonymous_9)
FNDA:1,(anonymous_10)
FNDA:18,validateToken
DA:6,35
DA:7,35
DA:8,35
DA:9,34
DA:11,1
DA:12,1
DA:14,1
DA:24,18
DA:25,18
DA:26,1
DA:28,17
DA:30,16
DA:31,16
DA:32,1
DA:34,15
DA:35,15
LF:16
LH:16
BRDA:24,0,0,1
BRDA:24,0,1,17
BRDA:24,1,0,18
BRDA:24,1,1,18
BRDA:25,2,0,1
BRDA:31,3,0,1
BRF:6
BRH:6
end_of_record
TN:
SF:src/repositories/likeRepository.ts
FN:6,create
FN:12,deleteById
FN:22,getById
FN:40,getByPost
FN:65,countByPost
FNF:5
FNH:5
FNDA:1,create
FNDA:1,deleteById
FNDA:1,getById
FNDA:1,getByPost
FNDA:1,countByPost
DA:7,1
DA:13,1
DA:15,1
DA:23,1
DA:25,1
DA:41,1
DA:43,1
DA:66,1
DA:73,5
LF:9
LH:9
BRF:0
BRH:0
end_of_record
TN:
SF:src/repositories/postRepository.ts
FN:6,create
FN:12,publish
FN:19,findById
FN:25,findAll
FN:43,findLastWeek
FN:66,findUser
FN:82,findLiked
FNF:7
FNH:7
FNDA:8,create
FNDA:1,publish
FNDA:1,findById
FNDA:1,findAll
FNDA:1,findLastWeek
FNDA:1,findUser
FNDA:1,findLiked
DA:7,8
DA:13,1
DA:20,1
DA:26,1
DA:44,1
DA:67,1
DA:83,1
DA:102,4
LF:8
LH:8
BRF:0
BRH:0
end_of_record
TN:
SF:src/repositories/userRepository.ts
FN:6,findById
FN:14,findByEmail
FN:22,create
FN:28,activate
FNF:4
FNH:4
FNDA:16,findById
FNDA:38,findByEmail
FNDA:13,create
FNDA:10,activate
DA:7,16
DA:15,38
DA:23,13
DA:29,10
DA:39,4
LF:5
LH:5
BRF:0
BRH:0
end_of_record
TN:
SF:src/routers/authRouter.ts
FNF:0
FNH:0
DA:7,3
DA:8,3
DA:9,3
DA:10,3
LF:4
LH:4
BRF:0
BRH:0
end_of_record
TN:
SF:src/routers/index.ts
FNF:0
FNH:0
DA:6,3
DA:7,3
DA:8,3
DA:9,3
DA:10,3
LF:5
LH:5
BRF:0
BRH:0
end_of_record
TN:
SF:src/routers/likeRouter.ts
FNF:0
FNH:0
DA:5,3
DA:7,3
DA:9,3
DA:10,3
LF:4
LH:4
BRF:0
BRH:0
end_of_record
TN:
SF:src/routers/postRouter.ts
FNF:0
FNH:0
DA:7,3
DA:8,3
DA:10,3
DA:17,3
DA:18,3
DA:19,3
DA:20,3
DA:21,3
DA:22,3
LF:9
LH:9
BRF:0
BRH:0
end_of_record
TN:
SF:src/schemas/authSchema.ts
FNF:0
FNH:0
DA:4,3
DA:10,3
LF:2
LH:2
BRF:0
BRH:0
end_of_record
TN:
SF:src/schemas/postSchema.ts
FNF:0
FNH:0
DA:4,3
LF:1
LH:1
BRF:0
BRH:0
end_of_record
TN:
SF:src/services/authService.ts
FN:6,createUser
FN:11,createSession
FN:17,sendConfirmationEmail
FN:22,activateAccount
FNF:4
FNH:4
FNDA:14,createUser
FNDA:11,createSession
FNDA:14,sendConfirmationEmail
FNDA:11,activateAccount
DA:7,14
DA:8,14
DA:12,11
DA:14,11
DA:18,14
DA:19,14
DA:23,11
DA:26,4
LF:8
LH:8
BRF:0
BRH:0
end_of_record
TN:
SF:src/services/likeService.ts
FN:3,likePost
FN:7,dislikePost
FN:11,getLikes
FN:19,(anonymous_13)
FNF:4
FNH:4
FNDA:2,likePost
FNDA:2,dislikePost
FNDA:3,getLikes
FNDA:1,(anonymous_13)
DA:4,2
DA:8,2
DA:12,3
DA:13,3
DA:14,3
DA:16,3
DA:17,1
DA:19,3
DA:20,1
DA:23,3
DA:26,5
LF:11
LH:11
BRDA:16,0,0,1
BRDA:23,1,0,1
BRDA:23,1,1,2
BRF:3
BRH:3
end_of_record
TN:
SF:src/services/postService.ts
FN:4,createPost
FN:8,publishPost
FN:16,getNewPosts
FN:19,(anonymous_13)
FN:19,(anonymous_14)
FN:27,getBestPosts
FN:29,(anonymous_17)
FN:31,(anonymous_18)
FN:31,(anonymous_19)
FN:40,getUserPosts
FN:43,(anonymous_22)
FN:43,(anonymous_23)
FN:51,getLikedPosts
FN:54,(anonymous_26)
FN:54,(anonymous_27)
FNF:15
FNH:15
FNDA:9,createPost
FNDA:3,publishPost
FNDA:2,getNewPosts
FNDA:4,(anonymous_13)
FNDA:4,(anonymous_14)
FNDA:2,getBestPosts
FNDA:3,(anonymous_17)
FNDA:4,(anonymous_18)
FNDA:4,(anonymous_19)
FNDA:2,getUserPosts
FNDA:5,(anonymous_22)
FNDA:5,(anonymous_23)
FNDA:2,getLikedPosts
FNDA:3,(anonymous_26)
FNDA:3,(anonymous_27)
DA:5,9
DA:9,3
DA:10,3
DA:11,1
DA:13,2
DA:17,2
DA:18,2
DA:19,4
DA:20,4
DA:21,4
DA:22,4
DA:28,2
DA:29,3
DA:30,2
DA:31,4
DA:32,4
DA:33,4
DA:34,4
DA:35,4
DA:41,2
DA:42,2
DA:43,5
DA:44,5
DA:45,5
DA:46,5
DA:52,2
DA:53,2
DA:54,3
DA:55,3
DA:56,3
DA:57,3
DA:62,4
LF:32
LH:32
BRDA:10,0,0,1
BRF:1
BRH:1
end_of_record
TN:
SF:src/utils/emailUtils.ts
FN:3,sendEmail
FN:15,(anonymous_9)
FN:19,(anonymous_10)
FN:27,buildEmail
FNF:4
FNH:1
FNDA:13,sendEmail
FNDA:0,(anonymous_9)
FNDA:0,(anonymous_10)
FNDA:0,buildEmail
DA:4,13
DA:5,0
DA:6,0
DA:13,0
DA:14,0
DA:16,0
DA:17,0
DA:20,0
DA:22,0
DA:24,13
DA:28,0
DA:100,4
LF:12
LH:3
BRDA:4,0,0,0
BRF:1
BRH:0
end_of_record
TN:
SF:src/utils/errorUtils.ts
FN:7,isAppError
FN:11,errorTypeToStatusCode
FN:19,conflictError
FN:23,notFoundError
FN:27,unauthorizedError
FN:31,wrongSchemaError
FNF:6
FNH:1
FNDA:1,isAppError
FNDA:0,errorTypeToStatusCode
FNDA:0,conflictError
FNDA:0,notFoundError
FNDA:0,unauthorizedError
FNDA:0,wrongSchemaError
DA:8,1
DA:12,0
DA:13,0
DA:14,0
DA:15,0
DA:16,0
DA:20,0
DA:24,0
DA:28,0
DA:32,0
LF:10
LH:1
BRDA:12,0,0,0
BRDA:13,1,0,0
BRDA:14,2,0,0
BRDA:15,3,0,0
BRDA:20,4,0,0
BRDA:20,4,1,0
BRDA:20,5,0,0
BRDA:20,5,1,0
BRDA:24,6,0,0
BRDA:24,6,1,0
BRDA:24,7,0,0
BRDA:24,7,1,0
BRDA:28,8,0,0
BRDA:28,8,1,0
BRDA:28,9,0,0
BRDA:28,9,1,0
BRDA:32,10,0,0
BRDA:32,10,1,0
BRDA:32,11,0,0
BRDA:32,11,1,0
BRF:20
BRH:0
end_of_record
TN:
SF:tests/factories/databaseFactory.ts
FN:3,resetDatabase
FNF:1
FNH:1
FNDA:17,resetDatabase
DA:4,17
DA:5,17
DA:6,17
LF:3
LH:3
BRF:0
BRH:0
end_of_record
TN:
SF:tests/factories/postFactory.ts
FN:6,createPost
FNF:1
FNH:1
FNDA:7,createPost
DA:7,7
DA:11,7
DA:15,7
DA:20,7
LF:4
LH:4
BRF:0
BRH:0
end_of_record
TN:
SF:tests/factories/userFactory.ts
FN:6,createUser
FNF:1
FNH:1
FNDA:8,createUser
DA:7,8
DA:12,8
DA:13,8
DA:14,8
DA:15,8
DA:18,8
LF:6
LH:6
BRF:0
BRH:0
end_of_record
