TN:
SF:src/database.ts
FNF:0
FNH:0
DA:3,3
DA:4,3
LF:2
LH:2
BRF:0
BRH:0
end_of_record
TN:
SF:src/repositories/likeRepository.ts
FN:6,create
FN:12,deleteById
FN:22,getById
FN:40,getByPost
FN:65,countByPost
FNF:5
FNH:0
FNDA:0,create
FNDA:0,deleteById
FNDA:0,getById
FNDA:0,getByPost
FNDA:0,countByPost
DA:7,0
DA:13,0
DA:15,0
DA:23,0
DA:25,0
DA:41,0
DA:43,0
DA:66,0
DA:73,2
LF:9
LH:1
BRF:0
BRH:0
end_of_record
TN:
SF:src/repositories/postRepository.ts
FN:6,create
FN:12,publish
FN:19,findById
FN:25,findAll
FN:43,findLastWeek
FN:66,findUser
FN:82,findLiked
FN:102,deleteById
FNF:8
FNH:0
FNDA:0,create
FNDA:0,publish
FNDA:0,findById
FNDA:0,findAll
FNDA:0,findLastWeek
FNDA:0,findUser
FNDA:0,findLiked
FNDA:0,deleteById
DA:7,0
DA:13,0
DA:20,0
DA:26,0
DA:44,0
DA:67,0
DA:83,0
DA:103,0
DA:110,1
LF:9
LH:1
BRF:0
BRH:0
end_of_record
TN:
SF:src/repositories/userRepository.ts
FN:6,findById
FN:14,findByEmail
FN:22,create
FN:28,activate
FNF:4
FNH:0
FNDA:0,findById
FNDA:0,findByEmail
FNDA:0,create
FNDA:0,activate
DA:7,0
DA:15,0
DA:23,0
DA:29,0
DA:39,1
LF:5
LH:1
BRF:0
BRH:0
end_of_record
TN:
SF:src/services/authService.ts
FN:6,createUser
FN:11,createSession
FN:17,sendConfirmationEmail
FN:22,activateAccount
FNF:4
FNH:4
FNDA:1,createUser
FNDA:2,createSession
FNDA:1,sendConfirmationEmail
FNDA:1,activateAccount
DA:7,1
DA:8,1
DA:12,2
DA:14,2
DA:18,1
DA:19,1
DA:23,1
DA:26,1
LF:8
LH:8
BRF:0
BRH:0
end_of_record
TN:
SF:src/services/likeService.ts
FN:3,likePost
FN:7,dislikePost
FN:11,getLikes
FN:19,(anonymous_13)
FNF:4
FNH:4
FNDA:1,likePost
FNDA:1,dislikePost
FNDA:2,getLikes
FNDA:1,(anonymous_13)
DA:4,1
DA:8,1
DA:12,2
DA:13,2
DA:14,2
DA:16,2
DA:17,1
DA:19,2
DA:20,1
DA:23,2
DA:26,2
LF:11
LH:11
BRDA:16,0,0,1
BRDA:23,1,0,1
BRDA:23,1,1,1
BRF:3
BRH:3
end_of_record
TN:
SF:src/services/postService.ts
FN:4,createPost
FN:8,publishPost
FN:16,getNewPosts
FN:19,(anonymous_13)
FN:19,(anonymous_14)
FN:27,getBestPosts
FN:29,(anonymous_17)
FN:31,(anonymous_18)
FN:31,(anonymous_19)
FN:40,getUserPosts
FN:43,(anonymous_22)
FN:43,(anonymous_23)
FN:51,getLikedPosts
FN:54,(anonymous_26)
FN:54,(anonymous_27)
FNF:15
FNH:15
FNDA:1,createPost
FNDA:2,publishPost
FNDA:1,getNewPosts
FNDA:3,(anonymous_13)
FNDA:3,(anonymous_14)
FNDA:1,getBestPosts
FNDA:4,(anonymous_17)
FNDA:5,(anonymous_18)
FNDA:5,(anonymous_19)
FNDA:1,getUserPosts
FNDA:1,(anonymous_22)
FNDA:1,(anonymous_23)
FNDA:1,getLikedPosts
FNDA:1,(anonymous_26)
FNDA:1,(anonymous_27)
DA:5,1
DA:9,2
DA:10,2
DA:11,1
DA:13,1
DA:17,1
DA:18,1
DA:19,3
DA:20,3
DA:21,3
DA:22,3
DA:28,1
DA:29,4
DA:30,1
DA:31,5
DA:32,5
DA:33,5
DA:34,5
DA:35,5
DA:41,1
DA:42,1
DA:43,1
DA:44,1
DA:45,1
DA:46,1
DA:52,1
DA:53,1
DA:54,1
DA:55,1
DA:56,1
DA:57,1
DA:62,1
LF:32
LH:32
BRDA:10,0,0,1
BRF:1
BRH:1
end_of_record
TN:
SF:src/utils/emailUtils.ts
FN:3,sendEmail
FN:14,(anonymous_9)
FN:18,(anonymous_10)
FN:24,buildEmail
FNF:4
FNH:0
FNDA:0,sendEmail
FNDA:0,(anonymous_9)
FNDA:0,(anonymous_10)
FNDA:0,buildEmail
DA:4,0
DA:5,0
DA:12,0
DA:13,0
DA:15,0
DA:16,0
DA:19,0
DA:21,0
DA:25,0
DA:97,1
LF:10
LH:1
BRF:0
BRH:0
end_of_record
